<?xml version="1.0" encoding="UTF-8"?>
<testng-results ignored="0" total="4" passed="4" failed="0" skipped="0">
  <reporter-output>
  </reporter-output>
  <suite started-at="2024-02-07T19:23:10 IST" name="Suite" finished-at="2024-02-07T19:23:47 IST" duration-ms="37136">
    <groups>
    </groups>
    <test started-at="2024-02-07T19:23:10 IST" name="Assignment1" finished-at="2024-02-07T19:23:22 IST" duration-ms="12030">
      <class name="Assignment1.Assignment1">
        <test-method is-config="true" signature="setup()[pri:0, instance:Assignment1.Assignment1@192d43ce]" started-at="2024-02-07T19:23:10 IST" name="setup" finished-at="2024-02-07T19:23:21 IST" duration-ms="11100" status="PASS">
          <reporter-output>
          </reporter-output>
        </test-method> <!-- setup -->
        <test-method signature="validateTitle()[pri:0, instance:Assignment1.Assignment1@192d43ce]" started-at="2024-02-07T19:23:21 IST" name="validateTitle" finished-at="2024-02-07T19:23:22 IST" duration-ms="354" status="PASS">
          <reporter-output>
          </reporter-output>
        </test-method> <!-- validateTitle -->
        <test-method is-config="true" signature="tearDown()[pri:0, instance:Assignment1.Assignment1@192d43ce]" started-at="2024-02-07T19:23:22 IST" name="tearDown" finished-at="2024-02-07T19:23:22 IST" duration-ms="429" status="PASS">
          <reporter-output>
          </reporter-output>
        </test-method> <!-- tearDown -->
      </class> <!-- Assignment1.Assignment1 -->
    </test> <!-- Assignment1 -->
    <test started-at="2024-02-07T19:23:22 IST" name="Assignment2" finished-at="2024-02-07T19:23:29 IST" duration-ms="6503">
      <class name="Assignment2.Assignment2">
        <test-method is-config="true" signature="setup()[pri:0, instance:Assignment2.Assignment2@52bf72b5]" started-at="2024-02-07T19:23:22 IST" name="setup" finished-at="2024-02-07T19:23:28 IST" duration-ms="5966" status="PASS">
          <reporter-output>
          </reporter-output>
        </test-method> <!-- setup -->
        <test-method signature="validateURL()[pri:0, instance:Assignment2.Assignment2@52bf72b5]" started-at="2024-02-07T19:23:28 IST" name="validateURL" finished-at="2024-02-07T19:23:28 IST" duration-ms="87" status="PASS">
          <reporter-output>
          </reporter-output>
        </test-method> <!-- validateURL -->
        <test-method is-config="true" signature="tearDown()[pri:0, instance:Assignment2.Assignment2@52bf72b5]" started-at="2024-02-07T19:23:28 IST" name="tearDown" finished-at="2024-02-07T19:23:29 IST" duration-ms="425" status="PASS">
          <reporter-output>
          </reporter-output>
        </test-method> <!-- tearDown -->
      </class> <!-- Assignment2.Assignment2 -->
    </test> <!-- Assignment2 -->
    <test started-at="2024-02-07T19:23:29 IST" name="Assignment3" finished-at="2024-02-07T19:23:38 IST" duration-ms="9730">
      <class name="Assignment3.Assignment3">
        <test-method is-config="true" signature="setup()[pri:0, instance:Assignment3.Assignment3@222545dc]" started-at="2024-02-07T19:23:29 IST" name="setup" finished-at="2024-02-07T19:23:33 IST" duration-ms="4817" status="PASS">
          <reporter-output>
          </reporter-output>
        </test-method> <!-- setup -->
        <test-method signature="validateLogin()[pri:0, instance:Assignment3.Assignment3@222545dc]" started-at="2024-02-07T19:23:33 IST" name="validateLogin" finished-at="2024-02-07T19:23:38 IST" duration-ms="4539" status="PASS">
          <reporter-output>
          </reporter-output>
        </test-method> <!-- validateLogin -->
        <test-method is-config="true" signature="tearDown()[pri:0, instance:Assignment3.Assignment3@222545dc]" started-at="2024-02-07T19:23:38 IST" name="tearDown" finished-at="2024-02-07T19:23:38 IST" duration-ms="367" status="PASS">
          <reporter-output>
          </reporter-output>
        </test-method> <!-- tearDown -->
      </class> <!-- Assignment3.Assignment3 -->
    </test> <!-- Assignment3 -->
    <test started-at="2024-02-07T19:23:38 IST" name="Assignment4" finished-at="2024-02-07T19:23:47 IST" duration-ms="8817">
      <class name="Assignment4.Assignment4">
        <test-method is-config="true" signature="setup()[pri:0, instance:Assignment4.Assignment4@399f45b1]" started-at="2024-02-07T19:23:38 IST" name="setup" finished-at="2024-02-07T19:23:46 IST" duration-ms="7272" status="PASS">
          <reporter-output>
          </reporter-output>
        </test-method> <!-- setup -->
        <test-method signature="getTitleLinks()[pri:0, instance:Assignment4.Assignment4@399f45b1]" started-at="2024-02-07T19:23:46 IST" name="getTitleLinks" finished-at="2024-02-07T19:23:47 IST" duration-ms="1157" status="PASS">
          <reporter-output>
          </reporter-output>
        </test-method> <!-- getTitleLinks -->
        <test-method is-config="true" signature="tearDown()[pri:0, instance:Assignment4.Assignment4@399f45b1]" started-at="2024-02-07T19:23:47 IST" name="tearDown" finished-at="2024-02-07T19:23:47 IST" duration-ms="384" status="PASS">
          <reporter-output>
          </reporter-output>
        </test-method> <!-- tearDown -->
      </class> <!-- Assignment4.Assignment4 -->
    </test> <!-- Assignment4 -->
  </suite> <!-- Suite -->
</testng-results>
