<?xml version="1.0" encoding="UTF-8"?>
<testng-results ignored="0" total="3" passed="3" failed="0" skipped="0">
  <reporter-output>
  </reporter-output>
  <suite started-at="2024-02-04T21:08:25 IST" name="Suite" finished-at="2024-02-04T21:09:03 IST" duration-ms="38294">
    <groups>
    </groups>
    <test started-at="2024-02-04T21:08:25 IST" name="Assignment1" finished-at="2024-02-04T21:08:35 IST" duration-ms="9771">
      <class name="Assignment1.Assignment1">
        <test-method is-config="true" signature="setup()[pri:0, instance:Assignment1.Assignment1@192d43ce]" started-at="2024-02-04T21:08:25 IST" name="setup" finished-at="2024-02-04T21:08:33 IST" duration-ms="8285" status="PASS">
          <reporter-output>
          </reporter-output>
        </test-method> <!-- setup -->
        <test-method signature="validateTitle()[pri:0, instance:Assignment1.Assignment1@192d43ce]" started-at="2024-02-04T21:08:33 IST" name="validateTitle" finished-at="2024-02-04T21:08:34 IST" duration-ms="645" status="PASS">
          <reporter-output>
          </reporter-output>
        </test-method> <!-- validateTitle -->
        <test-method is-config="true" signature="tearDown()[pri:0, instance:Assignment1.Assignment1@192d43ce]" started-at="2024-02-04T21:08:34 IST" name="tearDown" finished-at="2024-02-04T21:08:35 IST" duration-ms="733" status="PASS">
          <reporter-output>
          </reporter-output>
        </test-method> <!-- tearDown -->
      </class> <!-- Assignment1.Assignment1 -->
    </test> <!-- Assignment1 -->
    <test started-at="2024-02-04T21:08:35 IST" name="Assignment2" finished-at="2024-02-04T21:08:43 IST" duration-ms="7626">
      <class name="Assignment2.Assignment2">
        <test-method is-config="true" signature="setup()[pri:0, instance:Assignment2.Assignment2@52bf72b5]" started-at="2024-02-04T21:08:35 IST" name="setup" finished-at="2024-02-04T21:08:41 IST" duration-ms="5664" status="PASS">
          <reporter-output>
          </reporter-output>
        </test-method> <!-- setup -->
        <test-method signature="validateURL()[pri:0, instance:Assignment2.Assignment2@52bf72b5]" started-at="2024-02-04T21:08:41 IST" name="validateURL" finished-at="2024-02-04T21:08:41 IST" duration-ms="819" status="PASS">
          <reporter-output>
          </reporter-output>
        </test-method> <!-- validateURL -->
        <test-method is-config="true" signature="tearDown()[pri:0, instance:Assignment2.Assignment2@52bf72b5]" started-at="2024-02-04T21:08:41 IST" name="tearDown" finished-at="2024-02-04T21:08:43 IST" duration-ms="1137" status="PASS">
          <reporter-output>
          </reporter-output>
        </test-method> <!-- tearDown -->
      </class> <!-- Assignment2.Assignment2 -->
    </test> <!-- Assignment2 -->
    <test started-at="2024-02-04T21:08:43 IST" name="Assignment3" finished-at="2024-02-04T21:09:03 IST" duration-ms="20838">
      <class name="Assignment3.Assignment3">
        <test-method is-config="true" signature="setup()[pri:0, instance:Assignment3.Assignment3@222545dc]" started-at="2024-02-04T21:08:43 IST" name="setup" finished-at="2024-02-04T21:08:57 IST" duration-ms="14213" status="PASS">
          <reporter-output>
          </reporter-output>
        </test-method> <!-- setup -->
        <test-method signature="validateLogin()[pri:0, instance:Assignment3.Assignment3@222545dc]" started-at="2024-02-04T21:08:57 IST" name="validateLogin" finished-at="2024-02-04T21:09:03 IST" duration-ms="6341" status="PASS">
          <reporter-output>
          </reporter-output>
        </test-method> <!-- validateLogin -->
        <test-method is-config="true" signature="tearDown()[pri:0, instance:Assignment3.Assignment3@222545dc]" started-at="2024-02-04T21:09:03 IST" name="tearDown" finished-at="2024-02-04T21:09:03 IST" duration-ms="276" status="PASS">
          <reporter-output>
          </reporter-output>
        </test-method> <!-- tearDown -->
      </class> <!-- Assignment3.Assignment3 -->
    </test> <!-- Assignment3 -->
  </suite> <!-- Suite -->
</testng-results>
