<?xml version="1.0" encoding="UTF-8"?>
<!-- Generated by org.testng.reporters.JUnitXMLReporter -->
<testsuite ignored="0" hostname="DESKTOP-5TCP881" failures="0" tests="9" name="Assignment1" time="120.34" errors="0" timestamp="2024-03-13T20:14:07 IST">
  <testcase classname="Assignment1.Assignment1" name="validateTitle" time="0.659"/>
  <testcase classname="Assignment2.Assignment2" name="validateURL" time="0.541"/>
  <testcase classname="Assignment3.Assignment3" name="validateLogin" time="3.19"/>
  <testcase classname="Assignment5.Assignment5" name="getTitleLinks" time="3.996"/>
  <testcase classname="Assignment6.Assignment6" name="getMethodandReturnType" time="2.666"/>
  <testcase classname="Assignment7.Assignment7" name="validateBookAdded" time="9.937"/>
  <testcase classname="Assignment7.Assignment7" name="validateLogin" time="6.908"/>
  <testcase classname="Assignment8.Assignment8" name="validateRunningTrains" time="8.219"/>
  <testcase classname="Assignment9.Assignment9" name="validateSearchProduct" time="17.086"/>
</testsuite> <!-- Assignment1 -->
